Using pre-set license
Built from '2020.2/release' branch; Version is '2020.2.2f1 (068178b99f32) revision 426360'; Using compiler version '192528614'; Build Type 'Release'
OS: 'Windows 10 Home; OS build 19041.985; Version 2004; 64bit' Language: 'ko' Physical Memory: 8106 MB
BatchMode: 1, IsHumanControllingUs: 0, StartBugReporterOnCrash: 0, Is64bit: 1, IsPro: 0

 COMMAND LINE ARGUMENTS:
D:\unity\Editor\Unity.exe
-adb2
-batchMode
-noUpm
-name
AssetImportWorker0
-projectPath
D:/Games/bolt_practice
-logFile
Logs/AssetImportWorker0.log
-srvPort
50624
Successfully changed project path to: D:/Games/bolt_practice
D:/Games/bolt_practice
Using Asset Import Pipeline V2.
Refreshing native plugins compatible for Editor in 75.62 ms, found 2 plugins.
Preloading 0 native plugins for Editor in 0.00 ms.
Initialize engine version: 2020.2.2f1 (068178b99f32)
[Subsystems] Discovering subsystems at path D:/unity/Editor/Data/Resources/UnitySubsystems
[Subsystems] Discovering subsystems at path D:/Games/bolt_practice/Assets
GfxDevice: creating device client; threaded=0
Direct3D:
    Version:  Direct3D 11.0 [level 11.0]
    Renderer: NVIDIA GeForce 940MX (ID=0x134d)
    Vendor:   
    VRAM:     2010 MB
    Driver:   24.21.13.9907
Initialize mono
Mono path[0] = 'D:/unity/Editor/Data/Managed'
Mono path[1] = 'D:/unity/Editor/Data/MonoBleedingEdge/lib/mono/unityjit'
Mono config path = 'D:/unity/Editor/Data/MonoBleedingEdge/etc'
Using monoOptions --debugger-agent=transport=dt_socket,embedding=1,server=y,suspend=n,address=127.0.0.1:56920
Begin MonoManager ReloadAssembly
Registering precompiled unity dll's ...
Register platform support module: D:/unity/Editor/Data/PlaybackEngines/WindowsStandaloneSupport/UnityEditor.WindowsStandalone.Extensions.dll
Registered in 0.004042 seconds.
Native extension for WindowsStandalone target not found
Refreshing native plugins compatible for Editor in 81.13 ms, found 2 plugins.
Preloading 0 native plugins for Editor in 0.00 ms.
Invoked RoslynAnalysisRunner static constructor.
RoslynAnalysisRunner will not be running.
RoslynAnalysisRunner has terminated.
Mono: successfully reloaded assembly
- Completed reload, in  1.895 seconds
Platform modules already initialized, skipping
Registering precompiled user dll's ...
Registered in 0.011087 seconds.
Begin MonoManager ReloadAssembly
Native extension for WindowsStandalone target not found
Refreshing native plugins compatible for Editor in 59.06 ms, found 2 plugins.
Preloading 0 native plugins for Editor in 0.00 ms.
Invoked RoslynAnalysisRunner static constructor.
RoslynAnalysisRunner will not be running.
RoslynAnalysisRunner has terminated.
Mono: successfully reloaded assembly
- Completed reload, in  1.715 seconds
Platform modules already initialized, skipping
========================================================================
Worker process is ready to serve import requests
Launched and connected shader compiler UnityShaderCompiler.exe after 0.13 seconds
Refreshing native plugins compatible for Editor in 0.64 ms, found 2 plugins.
Preloading 0 native plugins for Editor in 0.00 ms.
Unloading 1810 Unused Serialized files (Serialized files now loaded: 0)
System memory in use before: 85.4 MB.
System memory in use after: 85.4 MB.

Unloading 40 unused Assets to reduce memory usage. Loaded Objects now: 2320.
Total: 3.742600 ms (FindLiveObjects: 0.394200 ms CreateObjectMapping: 0.175400 ms MarkObjects: 2.929000 ms  DeleteObjects: 0.241500 ms)

========================================================================
Received Import Request.
  path: Assets/Macro/Player.asset
  artifactKey: Guid(90cf6130c81a9a94e9d2a8756f40504d) Importer(815301076,1909f56bfc062723c751e8b465ee728b)
Start importing Assets/Macro/Player.asset using Guid(90cf6130c81a9a94e9d2a8756f40504d) Importer(815301076,1909f56bfc062723c751e8b465ee728b)  -> (artifact id: '48347a1be8b65afe4a7488ca93b5c72d') in 0.890054 seconds
  Import took 0.958856 seconds .

========================================================================
Received Import Request.
  Time since last request: 253.178812 seconds.
  path: Assets/Macro/Player.asset
  artifactKey: Guid(90cf6130c81a9a94e9d2a8756f40504d) Importer(815301076,1909f56bfc062723c751e8b465ee728b)
Start importing Assets/Macro/Player.asset using Guid(90cf6130c81a9a94e9d2a8756f40504d) Importer(815301076,1909f56bfc062723c751e8b465ee728b)  -> (artifact id: '8c3b48ed23800e22b90fbf98304ac825') in 0.119913 seconds
  Import took 0.139896 seconds .

========================================================================
Received Prepare
Registering precompiled user dll's ...
Registered in 0.006997 seconds.
Begin MonoManager ReloadAssembly
Native extension for WindowsStandalone target not found
Refreshing native plugins compatible for Editor in 0.59 ms, found 2 plugins.
Preloading 0 native plugins for Editor in 0.00 ms.
Invoked RoslynAnalysisRunner static constructor.
RoslynAnalysisRunner will not be running.
RoslynAnalysisRunner has terminated.
Mono: successfully reloaded assembly
- Completed reload, in  1.800 seconds
Platform modules already initialized, skipping
Refreshing native plugins compatible for Editor in 0.56 ms, found 2 plugins.
Preloading 0 native plugins for Editor in 0.00 ms.
Unloading 1805 Unused Serialized files (Serialized files now loaded: 0)
System memory in use before: 85.4 MB.
System memory in use after: 85.4 MB.

Unloading 28 unused Assets to reduce memory usage. Loaded Objects now: 2323.
Total: 8.262400 ms (FindLiveObjects: 0.945900 ms CreateObjectMapping: 0.262600 ms MarkObjects: 6.683500 ms  DeleteObjects: 0.366100 ms)

========================================================================
Received Prepare
Registering precompiled user dll's ...
Registered in 0.008528 seconds.
Begin MonoManager ReloadAssembly
Native extension for WindowsStandalone target not found
Refreshing native plugins compatible for Editor in 0.50 ms, found 2 plugins.
Preloading 0 native plugins for Editor in 0.00 ms.
Invoked RoslynAnalysisRunner static constructor.
RoslynAnalysisRunner will not be running.
RoslynAnalysisRunner has terminated.
Mono: successfully reloaded assembly
- Completed reload, in  1.502 seconds
Platform modules already initialized, skipping
Refreshing native plugins compatible for Editor in 0.87 ms, found 2 plugins.
Preloading 0 native plugins for Editor in 0.00 ms.
Unloading 1805 Unused Serialized files (Serialized files now loaded: 0)
System memory in use before: 85.5 MB.
System memory in use after: 85.5 MB.

Unloading 28 unused Assets to reduce memory usage. Loaded Objects now: 2326.
Total: 3.434800 ms (FindLiveObjects: 0.617200 ms CreateObjectMapping: 0.159200 ms MarkObjects: 2.373300 ms  DeleteObjects: 0.282800 ms)

========================================================================
Received Prepare
Registering precompiled user dll's ...
Registered in 0.008435 seconds.
Begin MonoManager ReloadAssembly
Native extension for WindowsStandalone target not found
Refreshing native plugins compatible for Editor in 0.69 ms, found 2 plugins.
Preloading 0 native plugins for Editor in 0.00 ms.
Invoked RoslynAnalysisRunner static constructor.
RoslynAnalysisRunner will not be running.
RoslynAnalysisRunner has terminated.
Mono: successfully reloaded assembly
- Completed reload, in  1.763 seconds
Platform modules already initialized, skipping
Refreshing native plugins compatible for Editor in 0.70 ms, found 2 plugins.
Preloading 0 native plugins for Editor in 0.00 ms.
Unloading 1805 Unused Serialized files (Serialized files now loaded: 0)
System memory in use before: 85.6 MB.
System memory in use after: 85.6 MB.

Unloading 28 unused Assets to reduce memory usage. Loaded Objects now: 2329.
Total: 5.146700 ms (FindLiveObjects: 0.491800 ms CreateObjectMapping: 0.295500 ms MarkObjects: 4.151200 ms  DeleteObjects: 0.204500 ms)

========================================================================
Received Prepare
Registering precompiled user dll's ...
Registered in 0.022074 seconds.
Begin MonoManager ReloadAssembly
Native extension for WindowsStandalone target not found
Refreshing native plugins compatible for Editor in 0.99 ms, found 2 plugins.
Preloading 0 native plugins for Editor in 0.00 ms.
Invoked RoslynAnalysisRunner static constructor.
RoslynAnalysisRunner will not be running.
RoslynAnalysisRunner has terminated.
Mono: successfully reloaded assembly
- Completed reload, in  2.200 seconds
Platform modules already initialized, skipping
Refreshing native plugins compatible for Editor in 0.88 ms, found 2 plugins.
Preloading 0 native plugins for Editor in 0.00 ms.
Unloading 1805 Unused Serialized files (Serialized files now loaded: 0)
System memory in use before: 85.7 MB.
System memory in use after: 85.7 MB.

Unloading 28 unused Assets to reduce memory usage. Loaded Objects now: 2332.
Total: 2.654200 ms (FindLiveObjects: 0.290100 ms CreateObjectMapping: 0.108800 ms MarkObjects: 2.122900 ms  DeleteObjects: 0.131100 ms)

========================================================================
Received Import Request.
  Time since last request: 1752.816609 seconds.
  path: Assets/Art/Player_Jump.zip
  artifactKey: Guid(ccf194e74801b5048ba6d8b950d948de) Importer(815301076,1909f56bfc062723c751e8b465ee728b)
Start importing Assets/Art/Player_Jump.zip using Guid(ccf194e74801b5048ba6d8b950d948de) Importer(815301076,1909f56bfc062723c751e8b465ee728b)  -> (artifact id: '68cc76ae646782497098b16d574525ce') in 0.047040 seconds
  Import took 0.076998 seconds .

========================================================================
Received Import Request.
  Time since last request: 76.663288 seconds.
  path: Assets/Ani/Player.controller
  artifactKey: Guid(892e89ef2df39984396bc9c276d0d5b6) Importer(815301076,1909f56bfc062723c751e8b465ee728b)
Start importing Assets/Ani/Player.controller using Guid(892e89ef2df39984396bc9c276d0d5b6) Importer(815301076,1909f56bfc062723c751e8b465ee728b)  -> (artifact id: 'f6e925bccfe14013352a8f08197d112a') in 0.007017 seconds
  Import took 0.059240 seconds .

========================================================================
Received Import Request.
  Time since last request: 58.550990 seconds.
  path: Assets/Art/Player_Jump
  artifactKey: Guid(89da0ceb3bd924d45bc7ac1325e93f84) Importer(815301076,1909f56bfc062723c751e8b465ee728b)
Start importing Assets/Art/Player_Jump using Guid(89da0ceb3bd924d45bc7ac1325e93f84) Importer(815301076,1909f56bfc062723c751e8b465ee728b)  -> (artifact id: '427f8069223c0b3bb6ec15ce83524afe') in 0.009543 seconds
  Import took 0.033999 seconds .

========================================================================
Received Import Request.
  Time since last request: 0.018831 seconds.
  path: Assets/Art/Player_Jump/Anim_JUMP_01.png
  artifactKey: Guid(cce9cc73ddb386c4fbd0c923ce182085) Importer(815301076,1909f56bfc062723c751e8b465ee728b)
Start importing Assets/Art/Player_Jump/Anim_JUMP_01.png using Guid(cce9cc73ddb386c4fbd0c923ce182085) Importer(815301076,1909f56bfc062723c751e8b465ee728b)  -> (artifact id: '86afd8daf2f60c6882fe7a5feda476c4') in 0.225934 seconds
  Import took 0.250085 seconds .

========================================================================
Received Import Request.
  Time since last request: 0.000301 seconds.
  path: Assets/Art/Player_Jump/Anim_JUMP_07.png
  artifactKey: Guid(aea9e664a32dc054c97cf31622cb3ad0) Importer(815301076,1909f56bfc062723c751e8b465ee728b)
Start importing Assets/Art/Player_Jump/Anim_JUMP_07.png using Guid(aea9e664a32dc054c97cf31622cb3ad0) Importer(815301076,1909f56bfc062723c751e8b465ee728b)  -> (artifact id: '84f84f79d3db70d85541237911fe1197') in 0.025685 seconds
  Import took 0.050437 seconds .

========================================================================
Received Import Request.
  Time since last request: 0.000240 seconds.
  path: Assets/Art/Player_Jump/Anim_JUMP_09.png
  artifactKey: Guid(3aca5fc49bc73f24faae745e1c601a00) Importer(815301076,1909f56bfc062723c751e8b465ee728b)
Start importing Assets/Art/Player_Jump/Anim_JUMP_09.png using Guid(3aca5fc49bc73f24faae745e1c601a00) Importer(815301076,1909f56bfc062723c751e8b465ee728b)  -> (artifact id: 'af47770258fd958e62c655d41d8c7bc6') in 0.029984 seconds
  Import took 0.055972 seconds .

========================================================================
Received Import Request.
  Time since last request: 0.001422 seconds.
  path: Assets/Art/Player_Jump/Anim_JUMP_19.png
  artifactKey: Guid(1f5b3c4b2b69e6e4eb75eefd0455ce89) Importer(815301076,1909f56bfc062723c751e8b465ee728b)
Start importing Assets/Art/Player_Jump/Anim_JUMP_19.png using Guid(1f5b3c4b2b69e6e4eb75eefd0455ce89) Importer(815301076,1909f56bfc062723c751e8b465ee728b)  -> (artifact id: '05491ff091244583800309a8628c2c97') in 0.034531 seconds
  Import took 0.046667 seconds .

========================================================================
Received Import Request.
  Time since last request: 0.000277 seconds.
  path: Assets/Art/Player_Jump/Anim_JUMP_04.png
  artifactKey: Guid(9e249d8a362448f43a8cc60f9ff3f682) Importer(815301076,1909f56bfc062723c751e8b465ee728b)
Start importing Assets/Art/Player_Jump/Anim_JUMP_04.png using Guid(9e249d8a362448f43a8cc60f9ff3f682) Importer(815301076,1909f56bfc062723c751e8b465ee728b)  -> (artifact id: '22dbdf89c5b13418250358075bb3784d') in 0.026217 seconds
  Import took 0.044171 seconds .

========================================================================
Received Import Request.
  Time since last request: 0.000372 seconds.
  path: Assets/Art/Player_Jump/Anim_JUMP_05.png
  artifactKey: Guid(7cb25a771fef021489074888a20753cf) Importer(815301076,1909f56bfc062723c751e8b465ee728b)
Start importing Assets/Art/Player_Jump/Anim_JUMP_05.png using Guid(7cb25a771fef021489074888a20753cf) Importer(815301076,1909f56bfc062723c751e8b465ee728b)  -> (artifact id: 'fa2f86f1e6f30e26866f3c13a98338ec') in 0.033483 seconds
  Import took 0.045957 seconds .

========================================================================
Received Import Request.
  Time since last request: 0.000280 seconds.
  path: Assets/Art/Player_Jump/Anim_JUMP_06.png
  artifactKey: Guid(dd119321b15881b4b9245cd309ed4b90) Importer(815301076,1909f56bfc062723c751e8b465ee728b)
Start importing Assets/Art/Player_Jump/Anim_JUMP_06.png using Guid(dd119321b15881b4b9245cd309ed4b90) Importer(815301076,1909f56bfc062723c751e8b465ee728b)  -> (artifact id: '57fd84e2805f0aac45221e46b9b91a04') in 0.028934 seconds
  Import took 0.034056 seconds .

========================================================================
Received Import Request.
  Time since last request: 0.000269 seconds.
  path: Assets/Art/Player_Jump/Anim_JUMP_12.png
  artifactKey: Guid(3856b2d23a325bd4499956dc1fe37d60) Importer(815301076,1909f56bfc062723c751e8b465ee728b)
Start importing Assets/Art/Player_Jump/Anim_JUMP_12.png using Guid(3856b2d23a325bd4499956dc1fe37d60) Importer(815301076,1909f56bfc062723c751e8b465ee728b)  -> (artifact id: 'db00eefd5e1e14cb5cfdcc784c763ba1') in 0.025532 seconds
  Import took 0.032296 seconds .

========================================================================
Received Import Request.
  Time since last request: 0.000273 seconds.
  path: Assets/Art/Player_Jump/Anim_JUMP_11.png
  artifactKey: Guid(2cd09d0117030054c8740ee930394566) Importer(815301076,1909f56bfc062723c751e8b465ee728b)
Start importing Assets/Art/Player_Jump/Anim_JUMP_11.png using Guid(2cd09d0117030054c8740ee930394566) Importer(815301076,1909f56bfc062723c751e8b465ee728b)  -> (artifact id: '629d3a2491f230cbe7a3f3fce0ff9909') in 0.025199 seconds
  Import took 0.044428 seconds .

========================================================================
Received Import Request.
  Time since last request: 0.000235 seconds.
  path: Assets/Art/Player_Jump/Anim_JUMP_17.png
  artifactKey: Guid(d85a5f07d0ba1f1429eca4d9e6927b69) Importer(815301076,1909f56bfc062723c751e8b465ee728b)
Start importing Assets/Art/Player_Jump/Anim_JUMP_17.png using Guid(d85a5f07d0ba1f1429eca4d9e6927b69) Importer(815301076,1909f56bfc062723c751e8b465ee728b)  -> (artifact id: '46b356e612d3f10f3c8fb8532c2f981d') in 0.022339 seconds
  Import took 0.031049 seconds .

========================================================================
Received Import Request.
  Time since last request: 0.000288 seconds.
  path: Assets/Art/Player_Jump/Anim_JUMP_13.png
  artifactKey: Guid(9604dc2a34c82044b882eca68285ab86) Importer(815301076,1909f56bfc062723c751e8b465ee728b)
Start importing Assets/Art/Player_Jump/Anim_JUMP_13.png using Guid(9604dc2a34c82044b882eca68285ab86) Importer(815301076,1909f56bfc062723c751e8b465ee728b)  -> (artifact id: '3dbaae630924e66ac98e86789189467f') in 0.031540 seconds
  Import took 0.039822 seconds .

========================================================================
Received Import Request.
  Time since last request: 0.000387 seconds.
  path: Assets/Art/Player_Jump/Anim_JUMP_10.png
  artifactKey: Guid(91d4bcddeb453e744b9fdb45bfb89e5e) Importer(815301076,1909f56bfc062723c751e8b465ee728b)
Start importing Assets/Art/Player_Jump/Anim_JUMP_10.png using Guid(91d4bcddeb453e744b9fdb45bfb89e5e) Importer(815301076,1909f56bfc062723c751e8b465ee728b)  -> (artifact id: '5e83740023d99d7a26a6330f12d5e898') in 0.022128 seconds
  Import took 0.030709 seconds .

========================================================================
Received Import Request.
  Time since last request: 0.000358 seconds.
  path: Assets/Art/Player_Jump/Anim_JUMP_16.png
  artifactKey: Guid(4f5b2c70e87645b42befb4f426d5e197) Importer(815301076,1909f56bfc062723c751e8b465ee728b)
Start importing Assets/Art/Player_Jump/Anim_JUMP_16.png using Guid(4f5b2c70e87645b42befb4f426d5e197) Importer(815301076,1909f56bfc062723c751e8b465ee728b)  -> (artifact id: '10f47dac5fa213fe0e4484012d8a127d') in 0.022156 seconds
  Import took 0.060580 seconds .

========================================================================
Received Import Request.
  Time since last request: 0.000288 seconds.
  path: Assets/Art/Player_Jump/Anim_JUMP_18.png
  artifactKey: Guid(6d5edc5761a1763409a904fb1671e93b) Importer(815301076,1909f56bfc062723c751e8b465ee728b)
Start importing Assets/Art/Player_Jump/Anim_JUMP_18.png using Guid(6d5edc5761a1763409a904fb1671e93b) Importer(815301076,1909f56bfc062723c751e8b465ee728b)  -> (artifact id: '95b7cafb4904f35a8bfc31a80db4f7cb') in 0.034518 seconds
  Import took 0.083877 seconds .

========================================================================
Received Import Request.
  Time since last request: 0.000269 seconds.
  path: Assets/Art/Player_Jump/Anim_JUMP_08.png
  artifactKey: Guid(a565c2778b653f34f97cca7556763a3d) Importer(815301076,1909f56bfc062723c751e8b465ee728b)
Start importing Assets/Art/Player_Jump/Anim_JUMP_08.png using Guid(a565c2778b653f34f97cca7556763a3d) Importer(815301076,1909f56bfc062723c751e8b465ee728b)  -> (artifact id: 'f2aa47f524bc844051719ef7b180f41c') in 0.019667 seconds
  Import took 0.050911 seconds .

========================================================================
Received Import Request.
  Time since last request: 0.000369 seconds.
  path: Assets/Art/Player_Jump/Anim_JUMP_14.png
  artifactKey: Guid(04e95a2b5c9bb5446939b0ad7bdfb6c9) Importer(815301076,1909f56bfc062723c751e8b465ee728b)
Start importing Assets/Art/Player_Jump/Anim_JUMP_14.png using Guid(04e95a2b5c9bb5446939b0ad7bdfb6c9) Importer(815301076,1909f56bfc062723c751e8b465ee728b)  -> (artifact id: 'be75fe6b45f9a4540179649fa5e9e91b') in 0.018733 seconds
  Import took 0.096348 seconds .

========================================================================
Received Import Request.
  Time since last request: 0.000458 seconds.
  path: Assets/Art/Player_Jump/Anim_JUMP_02.png
  artifactKey: Guid(2ecabcf0cd8bafd42ae63c2f9664290c) Importer(815301076,1909f56bfc062723c751e8b465ee728b)
Start importing Assets/Art/Player_Jump/Anim_JUMP_02.png using Guid(2ecabcf0cd8bafd42ae63c2f9664290c) Importer(815301076,1909f56bfc062723c751e8b465ee728b)  -> (artifact id: '74d6a546eb284fedd610bb599796e6c3') in 0.069972 seconds
  Import took 0.076906 seconds .

========================================================================
Received Import Request.
  Time since last request: 0.000311 seconds.
  path: Assets/Art/Player_Jump/Anim_JUMP_15.png
  artifactKey: Guid(dfa8a9026be48254f870cb109f49a767) Importer(815301076,1909f56bfc062723c751e8b465ee728b)
Start importing Assets/Art/Player_Jump/Anim_JUMP_15.png using Guid(dfa8a9026be48254f870cb109f49a767) Importer(815301076,1909f56bfc062723c751e8b465ee728b)  -> (artifact id: 'f7c9dc7189f1d8f6dce71b23994cffc9') in 0.024617 seconds
  Import took 0.086805 seconds .

========================================================================
Received Import Request.
  Time since last request: 0.000334 seconds.
  path: Assets/Art/Player_Jump/Anim_JUMP_03.png
  artifactKey: Guid(790df49befeefeb4f9fc99a06afc3f5b) Importer(815301076,1909f56bfc062723c751e8b465ee728b)
Start importing Assets/Art/Player_Jump/Anim_JUMP_03.png using Guid(790df49befeefeb4f9fc99a06afc3f5b) Importer(815301076,1909f56bfc062723c751e8b465ee728b)  -> (artifact id: 'a1d661293b42b9e912ab39860470f608') in 0.019444 seconds
  Import took 0.049858 seconds .

========================================================================
Received Import Request.
  Time since last request: 460.235933 seconds.
  path: ProjectSettings/TagManager.asset
  artifactKey: Guid(00000000000000003000000000000000) Importer(815301076,1909f56bfc062723c751e8b465ee728b)
Start importing ProjectSettings/TagManager.asset using Guid(00000000000000003000000000000000) Importer(815301076,1909f56bfc062723c751e8b465ee728b)  -> (artifact id: 'e8c3ab6b558fa7fe7c42e9a55a892947') in 0.016341 seconds
  Import took 0.043175 seconds .

========================================================================
Received Import Request.
  Time since last request: 2511.051354 seconds.
  path: Assets/Bullet.png
  artifactKey: Guid(f033aaaf68c53424fadf43df72003077) Importer(815301076,1909f56bfc062723c751e8b465ee728b)
Start importing Assets/Bullet.png using Guid(f033aaaf68c53424fadf43df72003077) Importer(815301076,1909f56bfc062723c751e8b465ee728b)  -> (artifact id: 'a2599ac8d345fe26e735120adc7ad248') in 0.058418 seconds
  Import took 0.126012 seconds .

========================================================================
Received Import Request.
  Time since last request: 69.467759 seconds.
  path: Assets/Bullet
  artifactKey: Guid(1148d228eb232444f98de915d66544ea) Importer(815301076,1909f56bfc062723c751e8b465ee728b)
Start importing Assets/Bullet using Guid(1148d228eb232444f98de915d66544ea) Importer(815301076,1909f56bfc062723c751e8b465ee728b)  -> (artifact id: 'b296ae4cd722328d91547d46b0cad1c3') in 0.003320 seconds
  Import took 0.026173 seconds .

========================================================================
Received Import Request.
  Time since last request: 0.001217 seconds.
  path: Assets/Bullet
  artifactKey: Guid(1148d228eb232444f98de915d66544ea) Importer(815301076,1909f56bfc062723c751e8b465ee728b)
Start importing Assets/Bullet using Guid(1148d228eb232444f98de915d66544ea) Importer(815301076,1909f56bfc062723c751e8b465ee728b)  -> (artifact id: 'b296ae4cd722328d91547d46b0cad1c3') in 0.004018 seconds
  Import took 0.009026 seconds .

========================================================================
Received Import Request.
  Time since last request: 369.517561 seconds.
  path: Assets/Prefabs
  artifactKey: Guid(8c97980cbc5a7904cb2c89d77696a359) Importer(815301076,1909f56bfc062723c751e8b465ee728b)
Start importing Assets/Prefabs using Guid(8c97980cbc5a7904cb2c89d77696a359) Importer(815301076,1909f56bfc062723c751e8b465ee728b)  -> (artifact id: '5ae62e02b907eadf88f8a0997e0cf8ca') in 0.018137 seconds
  Import took 0.039503 seconds .

========================================================================
Received Import Request.
  Time since last request: 3.919558 seconds.
  path: Assets/Prefabs/Bullet.prefab
  artifactKey: Guid(948426c043fa12b4ebe81404feee7d53) Importer(815301076,1909f56bfc062723c751e8b465ee728b)
Start importing Assets/Prefabs/Bullet.prefab using Guid(948426c043fa12b4ebe81404feee7d53) Importer(815301076,1909f56bfc062723c751e8b465ee728b)  -> (artifact id: '8e7e6efc1eac8f0c73447c1d88b7da22') in 0.226005 seconds
  Import took 0.257162 seconds .

========================================================================
Received Import Request.
  Time since last request: 1303.474696 seconds.
  path: Assets/Scripts/PlayerSpeed.cs
  artifactKey: Guid(7d2ed2ac7a1eff14984a276b4c46a5d7) Importer(815301076,1909f56bfc062723c751e8b465ee728b)
Start importing Assets/Scripts/PlayerSpeed.cs using Guid(7d2ed2ac7a1eff14984a276b4c46a5d7) Importer(815301076,1909f56bfc062723c751e8b465ee728b)  -> (artifact id: 'defa613d66a724e42e8129a62a16e2c7') in 0.074209 seconds
  Import took 0.107642 seconds .

========================================================================
Received Import Request.
  Time since last request: 91.367502 seconds.
  path: Assets/Scripts/PlayeMove.cs
  artifactKey: Guid(4b97d6decc1ac3148b72e20301beb44f) Importer(815301076,1909f56bfc062723c751e8b465ee728b)
Start importing Assets/Scripts/PlayeMove.cs using Guid(4b97d6decc1ac3148b72e20301beb44f) Importer(815301076,1909f56bfc062723c751e8b465ee728b)  -> (artifact id: 'e15ae4c07813fa877d3f64022c8e4cad') in 0.043056 seconds
  Import took 0.078645 seconds .

========================================================================
Received Prepare
Registering precompiled user dll's ...
Registered in 0.018756 seconds.
Begin MonoManager ReloadAssembly
Native extension for WindowsStandalone target not found
Refreshing native plugins compatible for Editor in 0.63 ms, found 2 plugins.
Preloading 0 native plugins for Editor in 0.00 ms.
Invoked RoslynAnalysisRunner static constructor.
RoslynAnalysisRunner will not be running.
RoslynAnalysisRunner has terminated.
Mono: successfully reloaded assembly
- Completed reload, in  2.234 seconds
Platform modules already initialized, skipping
Refreshing native plugins compatible for Editor in 0.86 ms, found 2 plugins.
Preloading 0 native plugins for Editor in 0.00 ms.
Unloading 1806 Unused Serialized files (Serialized files now loaded: 0)
System memory in use before: 88.9 MB.
System memory in use after: 88.9 MB.

Unloading 29 unused Assets to reduce memory usage. Loaded Objects now: 2348.
Total: 24.052400 ms (FindLiveObjects: 0.213400 ms CreateObjectMapping: 0.088100 ms MarkObjects: 23.429800 ms  DeleteObjects: 0.317800 ms)

AssetImportWorkerClient::OnTransportError - code=2 error=End of file
